<?xml version="1.0" encoding="UTF-8"?>
<testng-results ignored="0" total="1" passed="1" failed="0" skipped="0">
  <reporter-output>
    <line>
      <![CDATA[Browser is launched and Maximized]]>
    </line>
  </reporter-output>
  <suite started-at="2025-01-23T20:25:11 IST" name="Default suite" finished-at="2025-01-23T20:25:21 IST" duration-ms="10862">
    <groups>
    </groups>
    <test started-at="2025-01-23T20:25:11 IST" name="Default test" finished-at="2025-01-23T20:25:21 IST" duration-ms="10862">
      <class name="createUser.checkbox">
        <test-method is-config="true" signature="launchbrowser()[pri:0, instance:createUser.checkbox@2b4bac49]" started-at="2025-01-23T20:25:11 IST" name="launchbrowser" finished-at="2025-01-23T20:25:16 IST" duration-ms="5637" status="PASS">
          <reporter-output>
            <line>
              <![CDATA[Browser is launched and Maximized]]>
            </line>
          </reporter-output>
        </test-method> <!-- launchbrowser -->
        <test-method signature="checkBox()[pri:1, instance:createUser.checkbox@2b4bac49]" started-at="2025-01-23T20:25:16 IST" name="checkBox" finished-at="2025-01-23T20:25:21 IST" duration-ms="4557" status="PASS">
          <reporter-output>
          </reporter-output>
        </test-method> <!-- checkBox -->
        <test-method is-config="true" signature="pub()[pri:0, instance:createUser.checkbox@2b4bac49]" started-at="2025-01-23T20:25:21 IST" name="pub" finished-at="2025-01-23T20:25:21 IST" duration-ms="505" status="PASS">
          <reporter-output>
          </reporter-output>
        </test-method> <!-- pub -->
      </class> <!-- createUser.checkbox -->
    </test> <!-- Default test -->
  </suite> <!-- Default suite -->
</testng-results>
